4
true
A5S102 20 LABORATORY true 17
A5201 25 LABORATORY true 20
A5S102 20 LABORATORY true 17
AD301 60 THEORY true 0
A6201 55 THEORY false 0
A5201 25 LABORATORY true 20
A5S102 20 LABORATORY true 17
D5S103 23 LABORATORY true 18
AD301 60 THEORY true 0
A6201 55 THEORY false 0
A4301 58 THEORY false 0
3
false
H6001 53 THEORY true 0
A3202 30 LABORATORY true 25
A5E02 21 LABORATORY false 19
H6001 53 THEORY true 0
A3202 30 LABORATORY true 25
A5S105 25 LABORATORY true 20
A5E02 21 LABORATORY false 19
A5001 28 LABORATORY true 23
E5102 22 LABORATORY false 19
A6003 57 THEORY false 0
D3301 50 THEORY true 0
D5105 55 THEORY true 0
A6003 57 THEORY false 0
D3301 50 THEORY true 0
