ASO30, 30, 30, THEORY, AFTERNOON, 26, ASO, 80, 3, 5, 2, 0, 3, 2, AFTERNOON, 

ASO20, 20, 20, THEORY, AFTERNOON, 26, ASO, 80, 3, 5, 2, 0, 3, 2, AFTERNOON, 

ASO31, 30, 31, LABORATORY, AFTERNOON, 40, ASO, 80, 3, 5, 2, 0, 3, 2, AFTERNOON, 

ASO12, 10, 12, LABORATORY, AFTERNOON, 40, ASO, 80, 3, 5, 2, 0, 3, 2, AFTERNOON, 

ASO10, 10, 10, THEORY, AFTERNOON, 26, ASO, 80, 3, 5, 2, 0, 3, 2, AFTERNOON, 

ASO21, 20, 21, LABORATORY, AFTERNOON, 40, ASO, 80, 3, 5, 2, 0, 3, 2, AFTERNOON, 

ASO32, 30, 32, LABORATORY, AFTERNOON, 40, ASO, 80, 3, 5, 2, 0, 3, 2, AFTERNOON, 

PAR10, 10, 10, LABORATORY, MORNING, 20, PAR, 40, 2, 0, 2, 0, 2, 2, MORNING, 

PAR21, 20, 21, LABORATORY, MORNING, 20, PAR, 40, 2, 0, 2, 0, 2, 2, MORNING, 

ASO11, 10, 11, LABORATORY, AFTERNOON, 40, ASO, 80, 3, 5, 2, 0, 3, 2, AFTERNOON, 

ASO22, 20, 22, LABORATORY, AFTERNOON, 40, ASO, 80, 3, 5, 2, 0, 3, 2, AFTERNOON, 

PAR11, 10, 11, LABORATORY, MORNING, 20, PAR, 40, 2, 0, 2, 0, 2, 2, MORNING, 

PROP12, 10, 12, LABORATORY, MORNING, 20, PROP, 40, 4, 4, 2, 0, 3, 2, MORNING, 

PROP30, 30, 30, THEORY, MORNING, 13, PROP, 40, 4, 4, 2, 0, 3, 2, MORNING, 

PROP20, 20, 20, THEORY, MORNING, 13, PROP, 40, 4, 4, 2, 0, 3, 2, MORNING, 

PROP31, 30, 31, LABORATORY, MORNING, 20, PROP, 40, 4, 4, 2, 0, 3, 2, MORNING, 

PROP10, 10, 10, THEORY, MORNING, 13, PROP, 40, 4, 4, 2, 0, 3, 2, MORNING, 

PROP21, 20, 21, LABORATORY, MORNING, 20, PROP, 40, 4, 4, 2, 0, 3, 2, MORNING, 

PROP32, 30, 32, LABORATORY, MORNING, 20, PROP, 40, 4, 4, 2, 0, 3, 2, MORNING, 

PROP11, 10, 11, LABORATORY, MORNING, 20, PROP, 40, 4, 4, 2, 0, 3, 2, MORNING, 

PROP22, 20, 22, LABORATORY, MORNING, 20, PROP, 40, 4, 4, 2, 0, 3, 2, MORNING, 

PAR20, 20, 20, LABORATORY, MORNING, 20, PAR, 40, 2, 0, 2, 0, 2, 2, MORNING, 

SOA10, 10, 10, THEORY, MORNING, 20, SOA, 40, 4, 4, 2, 0, 3, 2, MORNING, 

PI41, 40, 41, LABORATORY, MORNING, 30, PI, 40, 2, 0, 2, 0, 2, 2, MORNING, 

IA20, 20, 20, THEORY, AFTERNOON, 40, IA, 80, 3, 5, 2, 0, 3, 2, AFTERNOON, 

true
[IDI31, 30, 31, PROBLEMS, AFTERNOON, 30, IDI, 80, 4, 4, 2, 2, 3, 2, AFTERNOON]
SOA, PI, IA, IDI, 

true
