120
[A5S102, 20, LABORATORY, true, 17] [8, MONDAY]
[A5S102, 20, LABORATORY, true, 17] [14, WEDNESDAY]
[A6201, 55, THEORY, false, 0] [8, MONDAY]
[A6201, 55, THEORY, false, 0] [10, FRIDAY]
[ A3005 30 LABORATORY false 25 ] [ 8 MONDAY ]
[ A3005 30 LABORATORY false 25 ] [ 9 MONDAY ]
[ A3005 30 LABORATORY false 25 ] [ 10 MONDAY ]
[ A3005 30 LABORATORY false 25 ] [ 11 MONDAY ]
[ A3005 30 LABORATORY false 25 ] [ 12 MONDAY ]
[ A3005 30 LABORATORY false 25 ] [ 13 MONDAY ]
[ A3005 30 LABORATORY false 25 ] [ 14 MONDAY ]
[ A3005 30 LABORATORY false 25 ] [ 15 MONDAY ]
[ A3005 30 LABORATORY false 25 ] [ 16 MONDAY ]
[ A3005 30 LABORATORY false 25 ] [ 17 MONDAY ]
[ A3005 30 LABORATORY false 25 ] [ 18 MONDAY ]
[ A3005 30 LABORATORY false 25 ] [ 19 MONDAY ]
[ A3005 30 LABORATORY false 25 ] [ 8 TUESDAY ]
[ A3005 30 LABORATORY false 25 ] [ 9 TUESDAY ]
[ A3005 30 LABORATORY false 25 ] [ 10 TUESDAY ]
[ A3005 30 LABORATORY false 25 ] [ 11 TUESDAY ]
[ A3005 30 LABORATORY false 25 ] [ 12 TUESDAY ]
[ A3005 30 LABORATORY false 25 ] [ 13 TUESDAY ]
[ A3005 30 LABORATORY false 25 ] [ 14 TUESDAY ]
[ A3005 30 LABORATORY false 25 ] [ 15 TUESDAY ]
[ A3005 30 LABORATORY false 25 ] [ 16 TUESDAY ]
[ A3005 30 LABORATORY false 25 ] [ 17 TUESDAY ]
[ A3005 30 LABORATORY false 25 ] [ 18 TUESDAY ]
[ A3005 30 LABORATORY false 25 ] [ 19 TUESDAY ]
[ A3005 30 LABORATORY false 25 ] [ 8 WEDNESDAY ]
[ A3005 30 LABORATORY false 25 ] [ 9 WEDNESDAY ]
[ A3005 30 LABORATORY false 25 ] [ 10 WEDNESDAY ]
[ A3005 30 LABORATORY false 25 ] [ 11 WEDNESDAY ]
[ A3005 30 LABORATORY false 25 ] [ 12 WEDNESDAY ]
[ A3005 30 LABORATORY false 25 ] [ 13 WEDNESDAY ]
[ A3005 30 LABORATORY false 25 ] [ 14 WEDNESDAY ]
[ A3005 30 LABORATORY false 25 ] [ 15 WEDNESDAY ]
[ A3005 30 LABORATORY false 25 ] [ 16 WEDNESDAY ]
[ A3005 30 LABORATORY false 25 ] [ 17 WEDNESDAY ]
[ A3005 30 LABORATORY false 25 ] [ 18 WEDNESDAY ]
[ A3005 30 LABORATORY false 25 ] [ 19 WEDNESDAY ]
[ A3005 30 LABORATORY false 25 ] [ 8 THURSDAY ]
[ A3005 30 LABORATORY false 25 ] [ 9 THURSDAY ]
[ A3005 30 LABORATORY false 25 ] [ 10 THURSDAY ]
[ A3005 30 LABORATORY false 25 ] [ 11 THURSDAY ]
[ A3005 30 LABORATORY false 25 ] [ 12 THURSDAY ]
[ A3005 30 LABORATORY false 25 ] [ 13 THURSDAY ]
[ A3005 30 LABORATORY false 25 ] [ 14 THURSDAY ]
[ A3005 30 LABORATORY false 25 ] [ 15 THURSDAY ]
[ A3005 30 LABORATORY false 25 ] [ 16 THURSDAY ]
[ A3005 30 LABORATORY false 25 ] [ 17 THURSDAY ]
[ A3005 30 LABORATORY false 25 ] [ 18 THURSDAY ]
[ A3005 30 LABORATORY false 25 ] [ 19 THURSDAY ]
[ A3005 30 LABORATORY false 25 ] [ 8 FRIDAY ]
[ A3005 30 LABORATORY false 25 ] [ 9 FRIDAY ]
[ A3005 30 LABORATORY false 25 ] [ 10 FRIDAY ]
[ A3005 30 LABORATORY false 25 ] [ 11 FRIDAY ]
[ A3005 30 LABORATORY false 25 ] [ 12 FRIDAY ]
[ A3005 30 LABORATORY false 25 ] [ 13 FRIDAY ]
[ A3005 30 LABORATORY false 25 ] [ 14 FRIDAY ]
[ A3005 30 LABORATORY false 25 ] [ 15 FRIDAY ]
[ A3005 30 LABORATORY false 25 ] [ 16 FRIDAY ]
[ A3005 30 LABORATORY false 25 ] [ 17 FRIDAY ]
[ A3005 30 LABORATORY false 25 ] [ 18 FRIDAY ]
[ A3005 30 LABORATORY false 25 ] [ 19 FRIDAY ]
[ A6E03 55 LABORATORY true 25 ] [ 8 MONDAY ]
[ A6E03 55 LABORATORY true 25 ] [ 9 MONDAY ]
[ A6E03 55 LABORATORY true 25 ] [ 10 MONDAY ]
[ A6E03 55 LABORATORY true 25 ] [ 11 MONDAY ]
[ A6E03 55 LABORATORY true 25 ] [ 12 MONDAY ]
[ A6E03 55 LABORATORY true 25 ] [ 13 MONDAY ]
[ A6E03 55 LABORATORY true 25 ] [ 14 MONDAY ]
[ A6E03 55 LABORATORY true 25 ] [ 15 MONDAY ]
[ A6E03 55 LABORATORY true 25 ] [ 16 MONDAY ]
[ A6E03 55 LABORATORY true 25 ] [ 17 MONDAY ]
[ A6E03 55 LABORATORY true 25 ] [ 18 MONDAY ]
[ A6E03 55 LABORATORY true 25 ] [ 19 MONDAY ]
[ A6E03 55 LABORATORY true 25 ] [ 8 TUESDAY ]
[ A6E03 55 LABORATORY true 25 ] [ 9 TUESDAY ]
[ A6E03 55 LABORATORY true 25 ] [ 10 TUESDAY ]
[ A6E03 55 LABORATORY true 25 ] [ 11 TUESDAY ]
[ A6E03 55 LABORATORY true 25 ] [ 12 TUESDAY ]
[ A6E03 55 LABORATORY true 25 ] [ 13 TUESDAY ]
[ A6E03 55 LABORATORY true 25 ] [ 14 TUESDAY ]
[ A6E03 55 LABORATORY true 25 ] [ 15 TUESDAY ]
[ A6E03 55 LABORATORY true 25 ] [ 16 TUESDAY ]
[ A6E03 55 LABORATORY true 25 ] [ 17 TUESDAY ]
[ A6E03 55 LABORATORY true 25 ] [ 18 TUESDAY ]
[ A6E03 55 LABORATORY true 25 ] [ 19 TUESDAY ]
[ A6E03 55 LABORATORY true 25 ] [ 8 WEDNESDAY ]
[ A6E03 55 LABORATORY true 25 ] [ 9 WEDNESDAY ]
[ A6E03 55 LABORATORY true 25 ] [ 10 WEDNESDAY ]
[ A6E03 55 LABORATORY true 25 ] [ 11 WEDNESDAY ]
[ A6E03 55 LABORATORY true 25 ] [ 12 WEDNESDAY ]
[ A6E03 55 LABORATORY true 25 ] [ 13 WEDNESDAY ]
[ A6E03 55 LABORATORY true 25 ] [ 14 WEDNESDAY ]
[ A6E03 55 LABORATORY true 25 ] [ 15 WEDNESDAY ]
[ A6E03 55 LABORATORY true 25 ] [ 16 WEDNESDAY ]
[ A6E03 55 LABORATORY true 25 ] [ 17 WEDNESDAY ]
[ A6E03 55 LABORATORY true 25 ] [ 18 WEDNESDAY ]
[ A6E03 55 LABORATORY true 25 ] [ 19 WEDNESDAY ]
[ A6E03 55 LABORATORY true 25 ] [ 8 THURSDAY ]
[ A6E03 55 LABORATORY true 25 ] [ 9 THURSDAY ]
[ A6E03 55 LABORATORY true 25 ] [ 10 THURSDAY ]
[ A6E03 55 LABORATORY true 25 ] [ 11 THURSDAY ]
[ A6E03 55 LABORATORY true 25 ] [ 12 THURSDAY ]
[ A6E03 55 LABORATORY true 25 ] [ 13 THURSDAY ]
[ A6E03 55 LABORATORY true 25 ] [ 14 THURSDAY ]
[ A6E03 55 LABORATORY true 25 ] [ 15 THURSDAY ]
[ A6E03 55 LABORATORY true 25 ] [ 16 THURSDAY ]
[ A6E03 55 LABORATORY true 25 ] [ 17 THURSDAY ]
[ A6E03 55 LABORATORY true 25 ] [ 18 THURSDAY ]
[ A6E03 55 LABORATORY true 25 ] [ 19 THURSDAY ]
[ A6E03 55 LABORATORY true 25 ] [ 8 FRIDAY ]
[ A6E03 55 LABORATORY true 25 ] [ 9 FRIDAY ]
[ A6E03 55 LABORATORY true 25 ] [ 10 FRIDAY ]
[ A6E03 55 LABORATORY true 25 ] [ 11 FRIDAY ]
[ A6E03 55 LABORATORY true 25 ] [ 12 FRIDAY ]
[ A6E03 55 LABORATORY true 25 ] [ 13 FRIDAY ]
[ A6E03 55 LABORATORY true 25 ] [ 14 FRIDAY ]
[ A6E03 55 LABORATORY true 25 ] [ 15 FRIDAY ]
[ A6E03 55 LABORATORY true 25 ] [ 16 FRIDAY ]
[ A6E03 55 LABORATORY true 25 ] [ 17 FRIDAY ]
[ A6E03 55 LABORATORY true 25 ] [ 18 FRIDAY ]
[ A6E03 55 LABORATORY true 25 ] [ 19 FRIDAY ]
[ A5004 30 THEORY false 0 ] [ 8 MONDAY ]
[ A5004 30 THEORY false 0 ] [ 9 MONDAY ]
[ A5004 30 THEORY false 0 ] [ 10 MONDAY ]
[ A5004 30 THEORY false 0 ] [ 11 MONDAY ]
[ A5004 30 THEORY false 0 ] [ 12 MONDAY ]
[ A5004 30 THEORY false 0 ] [ 13 MONDAY ]
[ A5004 30 THEORY false 0 ] [ 14 MONDAY ]
[ A5004 30 THEORY false 0 ] [ 15 MONDAY ]
[ A5004 30 THEORY false 0 ] [ 16 MONDAY ]
[ A5004 30 THEORY false 0 ] [ 17 MONDAY ]
[ A5004 30 THEORY false 0 ] [ 18 MONDAY ]
[ A5004 30 THEORY false 0 ] [ 19 MONDAY ]
[ A5004 30 THEORY false 0 ] [ 8 TUESDAY ]
[ A5004 30 THEORY false 0 ] [ 9 TUESDAY ]
[ A5004 30 THEORY false 0 ] [ 10 TUESDAY ]
[ A5004 30 THEORY false 0 ] [ 11 TUESDAY ]
[ A5004 30 THEORY false 0 ] [ 12 TUESDAY ]
[ A5004 30 THEORY false 0 ] [ 13 TUESDAY ]
[ A5004 30 THEORY false 0 ] [ 14 TUESDAY ]
[ A5004 30 THEORY false 0 ] [ 15 TUESDAY ]
[ A5004 30 THEORY false 0 ] [ 16 TUESDAY ]
[ A5004 30 THEORY false 0 ] [ 17 TUESDAY ]
[ A5004 30 THEORY false 0 ] [ 18 TUESDAY ]
[ A5004 30 THEORY false 0 ] [ 19 TUESDAY ]
[ A5004 30 THEORY false 0 ] [ 8 WEDNESDAY ]
[ A5004 30 THEORY false 0 ] [ 9 WEDNESDAY ]
[ A5004 30 THEORY false 0 ] [ 10 WEDNESDAY ]
[ A5004 30 THEORY false 0 ] [ 11 WEDNESDAY ]
[ A5004 30 THEORY false 0 ] [ 12 WEDNESDAY ]
[ A5004 30 THEORY false 0 ] [ 13 WEDNESDAY ]
[ A5004 30 THEORY false 0 ] [ 14 WEDNESDAY ]
[ A5004 30 THEORY false 0 ] [ 15 WEDNESDAY ]
[ A5004 30 THEORY false 0 ] [ 16 WEDNESDAY ]
[ A5004 30 THEORY false 0 ] [ 17 WEDNESDAY ]
[ A5004 30 THEORY false 0 ] [ 18 WEDNESDAY ]
[ A5004 30 THEORY false 0 ] [ 19 WEDNESDAY ]
[ A5004 30 THEORY false 0 ] [ 8 THURSDAY ]
[ A5004 30 THEORY false 0 ] [ 9 THURSDAY ]
[ A5004 30 THEORY false 0 ] [ 10 THURSDAY ]
[ A5004 30 THEORY false 0 ] [ 11 THURSDAY ]
[ A5004 30 THEORY false 0 ] [ 12 THURSDAY ]
[ A5004 30 THEORY false 0 ] [ 13 THURSDAY ]
[ A5004 30 THEORY false 0 ] [ 14 THURSDAY ]
[ A5004 30 THEORY false 0 ] [ 15 THURSDAY ]
[ A5004 30 THEORY false 0 ] [ 16 THURSDAY ]
[ A5004 30 THEORY false 0 ] [ 17 THURSDAY ]
[ A5004 30 THEORY false 0 ] [ 18 THURSDAY ]
[ A5004 30 THEORY false 0 ] [ 19 THURSDAY ]
[ A5004 30 THEORY false 0 ] [ 8 FRIDAY ]
[ A5004 30 THEORY false 0 ] [ 9 FRIDAY ]
[ A5004 30 THEORY false 0 ] [ 10 FRIDAY ]
[ A5004 30 THEORY false 0 ] [ 11 FRIDAY ]
[ A5004 30 THEORY false 0 ] [ 12 FRIDAY ]
[ A5004 30 THEORY false 0 ] [ 13 FRIDAY ]
[ A5004 30 THEORY false 0 ] [ 14 FRIDAY ]
[ A5004 30 THEORY false 0 ] [ 15 FRIDAY ]
[ A5004 30 THEORY false 0 ] [ 16 FRIDAY ]
[ A5004 30 THEORY false 0 ] [ 17 FRIDAY ]
[ A5004 30 THEORY false 0 ] [ 18 FRIDAY ]
[ A5004 30 THEORY false 0 ] [ 19 FRIDAY ]
