PAR42 40 42 PROBLEMS MORNING 15 PAR 10 2 2 2 2 2 2 MORNING 
A5S101 15 LABORATORY true 15 
12 MONDAY 
A5S101 15 LABORATORY true 15 
12 MONDAY 
PAR 10 2 2 2 2 2 2 MORNING 
PAR42 40 41 PROBLEMS MORNING 15 PAR 10 2 2 2 2 2 2 MORNING 
A5S101 20 LABORATORY true 20 
12 MONDAY 
A5S101 20 LABORATORY true 20 
12 MONDAY 
PAR 10 2 2 2 2 2 2 MORNING 
PAR42 40 42 LABORATORY MORNING 15 PAR 10 2 2 2 2 2 2 MORNING 
A5S101 15 LABORATORY true 15 
12 MONDAY 
A5S101 15 LABORATORY true 15 
12 MONDAY 
PAR 10 2 2 2 2 2 2 MORNING 
PAR40 40 40 PROBLEMS MORNING 15 PAR 10 2 2 2 2 2 2 MORNING 
A5S103 20 LABORATORY true 20 
15 MONDAY 
3
A5S103 20 LABORATORY true 20 
15 MONDAY 
PAR 10 2 2 2 2 2 2 MORNING 
A5S101 15 LABORATORY true 15 
12 MONDAY 
A5S104 15 LABORATORY true 15 12 MONDAY PAR40 40 40 PROBLEMS MORNING 15 PAR 10 2 2 2 2 2 2 MORNING 
A5S101 15 LABORATORY true 15 
12 MONDAY 
