AC 10 2 2 2 2 2 2 BOTH 
BD 10 1 2 2 2 2 2 BOTH 
XC 10 2 2 2 2 2 2 BOTH 
AC 10 2 2 2 2 2 2 MORNING 
BD 10 1 2 2 2 2 2 MORNING 
XC 10 2 2 2 2 2 2 MORNING 
AC 10 2 2 2 2 2 2 BOTH 
BD 10 1 2 2 2 2 2 BOTH 
XC 10 2 2 2 2 2 2 BOTH 
AC 10 2 2 2 2 2 2 BOTH 
BD 10 1 2 2 2 2 2 BOTH 
XC 10 2 2 2 2 2 2 BOTH 
true
AC 10 2 2 2 2 2 2 BOTH 
BD 10 1 2 2 2 2 2 BOTH 
PROP 10 2 2 2 2 2 2 BOTH 
XC 10 2 2 2 2 2 2 BOTH 
true
AC 10 2 2 2 2 2 2 BOTH 
BD 10 1 2 2 2 2 2 BOTH 
PROP 10 2 2 2 2 2 2 BOTH 
3
true
true
false
false
true
false
false
false
AC 10 2 2 2 2 2 2 BOTH 
BD 10 1 2 2 2 2 2 BOTH 
PROP 10 2 2 2 2 2 2 BOTH 
XC 10 2 2 2 2 2 2 BOTH 
